  main.c
C:\Users\shsj0\Desktop\SFT_GROUP_PROJECT\SourceCode\project-starter\route.h(30,58): warning C4028: formal parameter 1 different from declaration
C:\Users\shsj0\Desktop\SFT_GROUP_PROJECT\SourceCode\project-starter\route.h(31,74): warning C4028: formal parameter 1 different from declaration
C:\Users\shsj0\Desktop\SFT_GROUP_PROJECT\SourceCode\project-starter\route.h(32,109): warning C4028: formal parameter 1 different from declaration
C:\Users\shsj0\Desktop\SFT_GROUP_PROJECT\SourceCode\project-starter\route.h(32,109): warning C4028: formal parameter 4 different from declaration
C:\Users\shsj0\Desktop\SFT_GROUP_PROJECT\SourceCode\project-starter\route.h(34,106): warning C4028: formal parameter 2 different from declaration
C:\Users\shsj0\Desktop\SFT_GROUP_PROJECT\SourceCode\project-starter\route.h(34,106): warning C4028: formal parameter 3 different from declaration
C:\Users\shsj0\Desktop\SFT_GROUP_PROJECT\SourceCode\project-starter\route.h(34,16): error C2371: 'shortestPath': redefinition; different basic types
C:\Users\shsj0\Desktop\SFT_GROUP_PROJECT\SourceCode\project-starter\mapping.h(147): message : see declaration of 'shortestPath'
  mapping.c
C:\Users\shsj0\Desktop\SFT_GROUP_PROJECT\SourceCode\project-starter\route.h(30,58): warning C4028: formal parameter 1 different from declaration
C:\Users\shsj0\Desktop\SFT_GROUP_PROJECT\SourceCode\project-starter\route.h(31,74): warning C4028: formal parameter 1 different from declaration
C:\Users\shsj0\Desktop\SFT_GROUP_PROJECT\SourceCode\project-starter\route.h(32,109): warning C4028: formal parameter 1 different from declaration
C:\Users\shsj0\Desktop\SFT_GROUP_PROJECT\SourceCode\project-starter\route.h(32,109): warning C4028: formal parameter 4 different from declaration
C:\Users\shsj0\Desktop\SFT_GROUP_PROJECT\SourceCode\project-starter\route.h(34,106): warning C4028: formal parameter 2 different from declaration
C:\Users\shsj0\Desktop\SFT_GROUP_PROJECT\SourceCode\project-starter\route.h(34,106): warning C4028: formal parameter 3 different from declaration
C:\Users\shsj0\Desktop\SFT_GROUP_PROJECT\SourceCode\project-starter\route.h(34,16): error C2371: 'shortestPath': redefinition; different basic types
C:\Users\shsj0\Desktop\SFT_GROUP_PROJECT\SourceCode\project-starter\mapping.h(147): message : see declaration of 'shortestPath'
C:\Users\shsj0\Desktop\SFT_GROUP_PROJECT\SourceCode\project-starter\mapping.c(199,33): warning C4028: formal parameter 1 different from declaration
C:\Users\shsj0\Desktop\SFT_GROUP_PROJECT\SourceCode\project-starter\mapping.c(204,36): warning C4028: formal parameter 1 different from declaration
C:\Users\shsj0\Desktop\SFT_GROUP_PROJECT\SourceCode\project-starter\mapping.c(210,41): warning C4028: formal parameter 1 different from declaration
C:\Users\shsj0\Desktop\SFT_GROUP_PROJECT\SourceCode\project-starter\mapping.c(210,97): warning C4028: formal parameter 4 different from declaration
C:\Users\shsj0\Desktop\SFT_GROUP_PROJECT\SourceCode\project-starter\mapping.c(224,14): error C2371: 'shortestPath': redefinition; different basic types
C:\Users\shsj0\Desktop\SFT_GROUP_PROJECT\SourceCode\project-starter\mapping.h(147): message : see declaration of 'shortestPath'
  route.c
C:\Users\shsj0\Desktop\SFT_GROUP_PROJECT\SourceCode\project-starter\route.h(30,58): warning C4028: formal parameter 1 different from declaration
C:\Users\shsj0\Desktop\SFT_GROUP_PROJECT\SourceCode\project-starter\route.h(31,74): warning C4028: formal parameter 1 different from declaration
C:\Users\shsj0\Desktop\SFT_GROUP_PROJECT\SourceCode\project-starter\route.h(32,109): warning C4028: formal parameter 1 different from declaration
C:\Users\shsj0\Desktop\SFT_GROUP_PROJECT\SourceCode\project-starter\route.h(32,109): warning C4028: formal parameter 4 different from declaration
C:\Users\shsj0\Desktop\SFT_GROUP_PROJECT\SourceCode\project-starter\route.h(34,106): warning C4028: formal parameter 2 different from declaration
C:\Users\shsj0\Desktop\SFT_GROUP_PROJECT\SourceCode\project-starter\route.h(34,106): warning C4028: formal parameter 3 different from declaration
C:\Users\shsj0\Desktop\SFT_GROUP_PROJECT\SourceCode\project-starter\route.h(34,16): error C2371: 'shortestPath': redefinition; different basic types
C:\Users\shsj0\Desktop\SFT_GROUP_PROJECT\SourceCode\project-starter\mapping.h(147): message : see declaration of 'shortestPath'
C:\Program Files\Microsoft Visual Studio\2022\Community\VC\Tools\MSVC\14.32.31326\include\yvals_core.h(23,1): fatal error C1189: #error:  STL1003: Unexpected compiler, expected C++ compiler.
  Generating Code...
